Error [500]: File '/Users/apereira/Desktop/@DEV/@LOCAL/spacefox/_spacefox/_core/../views/test.php' for route '/test' doesn't exists in spacefox install
Error [500]: File '/Users/apereira/Desktop/@DEV/@LOCAL/spacefox/_spacefox/_core/../views/test.php' for route '/test' doesn't exists in spacefox install
Error [500]: File '/Users/apereira/Desktop/@DEV/@LOCAL/spacefox/_spacefox/_core/../views/test.php' for route '/test' doesn't exists in spacefox install
Error [500]: File '/Users/apereira/Desktop/@DEV/@LOCAL/spacefox/_spacefox/_core/../views/test.php' for route '/test' doesn't exists in spacefox install
Error [500]: File '/Users/apereira/Desktop/@DEV/@LOCAL/spacefox/_spacefox/_core/../views/test.php' for route '/test' doesn't exists in spacefox install
Error [500]: File '/Users/apereira/Desktop/@DEV/@LOCAL/spacefox/_spacefox/_core/../views/test.php' for route '/test' doesn't exists in spacefox install
Error [500]: File '/Users/apereira/Desktop/@DEV/@LOCAL/spacefox/_spacefox/_core/../views/test.php' for route '/test' doesn't exists in spacefox install
Spacefox DB : Connection error : SQLSTATE[3D000]: Invalid catalog name: 1046 No database selected 2014-03-17 17:32:57+01:00

Spacefox DB : error : SQLSTATE[3D000]: Invalid catalog name: 1046 No database selected 2014-03-17 17:33:38+01:00

Spacefox DB : error : SQLSTATE[3D000]: Invalid catalog name: 1046 No database selected 2014-03-17 17:33:58+01:00

Spacefox DB : error : SQLSTATE[3D000]: Invalid catalog name: 1046 No database selected 2014-03-17 17:34:01+01:00

Spacefox DB : error : SQLSTATE[3D000]: Invalid catalog name: 1046 No database selected 2014-03-17 17:34:23+01:00

Spacefox DB : error : SQLSTATE[3D000]: Invalid catalog name: 1046 No database selected 2014-03-17 17:34:28+01:00

Spacefox DB : error : SQLSTATE[42S01]: Base table or view already exists: 1050 Table 'test_bis' already exists 2014-03-17 17:37:51+01:00

Spacefox DB : error : SQLSTATE[42S01]: Base table or view already exists: 1050 Table 'test_bis' already exists 2014-03-17 17:37:52+01:00

Spacefox DB : error : SQLSTATE[42S01]: Base table or view already exists: 1050 Table 'test_bis' already exists 2014-03-17 17:40:11+01:00

Spacefox DB : Connection error : SQLSTATE[HY000] [1049] Unknown database 'spacefox_test' 2014-03-21 17:22:18+01:00

Spacefox DB : Connection error : SQLSTATE[HY000] [1049] Unknown database 'spacefox_core' 2014-03-21 17:43:03+01:00

Spacefox DB : error : SQLSTATE[3D000]: Invalid catalog name: 1046 No database selected 2014-03-21 17:46:08+01:00

Spacefox DB : error : SQLSTATE[3D000]: Invalid catalog name: 1046 No database selected 2014-03-21 17:47:07+01:00

Spacefox DB : error : SQLSTATE[3D000]: Invalid catalog name: 1046 No database selected 2014-03-21 17:49:28+01:00

Spacefox DB : error : SQLSTATE[3D000]: Invalid catalog name: 1046 No database selected 2014-03-21 18:02:35+01:00

Spacefox DB : error : SQLSTATE[3D000]: Invalid catalog name: 1046 No database selected 2014-03-21 18:02:36+01:00

Spacefox DB : error : SQLSTATE[3D000]: Invalid catalog name: 1046 No database selected 2014-03-21 18:02:37+01:00

Spacefox DB : error : SQLSTATE[3D000]: Invalid catalog name: 1046 No database selected 2014-03-21 18:02:41+01:00

Spacefox DB : error : SQLSTATE[3D000]: Invalid catalog name: 1046 No database selected 2014-03-21 18:02:42+01:00

Spacefox DB : error : SQLSTATE[3D000]: Invalid catalog name: 1046 No database selected 2014-03-21 18:03:20+01:00

Spacefox DB : error : SQLSTATE[3D000]: Invalid catalog name: 1046 No database selected 2014-03-21 18:04:00+01:00

Spacefox DB : error : SQLSTATE[3D000]: Invalid catalog name: 1046 No database selected 2014-03-21 18:04:02+01:00

Spacefox DB : error : SQLSTATE[3D000]: Invalid catalog name: 1046 No database selected 2014-03-21 18:04:33+01:00

Spacefox DB : error : SQLSTATE[3D000]: Invalid catalog name: 1046 No database selected 2014-03-21 18:04:51+01:00

Spacefox DB : error : SQLSTATE[3D000]: Invalid catalog name: 1046 No database selected 2014-03-21 18:04:52+01:00

Spacefox DB : error : SQLSTATE[3D000]: Invalid catalog name: 1046 No database selected 2014-03-21 18:04:53+01:00

Spacefox DB : error : SQLSTATE[3D000]: Invalid catalog name: 1046 No database selected 2014-03-21 18:04:57+01:00

Spacefox DB : error : SQLSTATE[3D000]: Invalid catalog name: 1046 No database selected 2014-03-21 18:04:58+01:00

Spacefox DB : error : SQLSTATE[3D000]: Invalid catalog name: 1046 No database selected 2014-03-21 18:04:58+01:00

Spacefox DB : error : SQLSTATE[3D000]: Invalid catalog name: 1046 No database selected 2014-03-21 18:04:58+01:00

Spacefox DB : error : SQLSTATE[3D000]: Invalid catalog name: 1046 No database selected 2014-03-21 18:04:59+01:00

Spacefox DB : error : SQLSTATE[3D000]: Invalid catalog name: 1046 No database selected 2014-03-21 18:04:59+01:00

Spacefox DB : error : SQLSTATE[3D000]: Invalid catalog name: 1046 No database selected 2014-03-21 18:05:09+01:00

Spacefox DB : error : SQLSTATE[3D000]: Invalid catalog name: 1046 No database selected 2014-03-21 18:05:49+01:00

Spacefox DB : error : SQLSTATE[3D000]: Invalid catalog name: 1046 No database selected 2014-03-21 18:07:20+01:00

Spacefox DB : error : SQLSTATE[3D000]: Invalid catalog name: 1046 No database selected 2014-03-21 18:11:05+01:00

Spacefox DB : error : SQLSTATE[3D000]: Invalid catalog name: 1046 No database selected 2014-03-21 18:12:36+01:00

Spacefox DB : error : SQLSTATE[3D000]: Invalid catalog name: 1046 No database selected 2014-03-21 18:12:41+01:00

Spacefox DB : error : SQLSTATE[3D000]: Invalid catalog name: 1046 No database selected 2014-03-21 18:12:41+01:00

Spacefox DB : error : SQLSTATE[3D000]: Invalid catalog name: 1046 No database selected 2014-03-21 18:13:08+01:00

Spacefox DB : error : SQLSTATE[3D000]: Invalid catalog name: 1046 No database selected 2014-03-21 18:13:25+01:00

Spacefox DB : error : SQLSTATE[3D000]: Invalid catalog name: 1046 No database selected 2014-03-21 18:14:36+01:00

Spacefox DB : error : SQLSTATE[3D000]: Invalid catalog name: 1046 No database selected 2014-03-21 18:16:19+01:00

Spacefox DB : error : SQLSTATE[3D000]: Invalid catalog name: 1046 No database selected 2014-03-21 18:16:58+01:00

